<?xml version="1.0" encoding="UTF-8"?>
<testsuite xmlns:xsi="http://www.w3.org/2001/XMLSchema-instance" xsi:noNamespaceSchemaLocation="https://maven.apache.org/surefire/maven-surefire-plugin/xsd/surefire-test-report-3.0.xsd" version="3.0" name="br.com.qa.CalculadoraTest" time="0.08" tests="5" errors="0" skipped="0" failures="0">
  <properties>
    <property name="java.specification.version" value="21"/>
    <property name="sun.cpu.isalist" value="amd64"/>
    <property name="sun.jnu.encoding" value="Cp1252"/>
    <property name="java.class.path" value="C:\Users\adamx\eclipse-workspace\qa-moon-project\target\test-classes;C:\Users\adamx\eclipse-workspace\qa-moon-project\target\classes;C:\Users\adamx\.m2\repository\org\junit\jupiter\junit-jupiter-api\5.8.1\junit-jupiter-api-5.8.1.jar;C:\Users\adamx\.m2\repository\org\opentest4j\opentest4j\1.2.0\opentest4j-1.2.0.jar;C:\Users\adamx\.m2\repository\org\junit\platform\junit-platform-commons\1.8.1\junit-platform-commons-1.8.1.jar;C:\Users\adamx\.m2\repository\org\apiguardian\apiguardian-api\1.1.2\apiguardian-api-1.1.2.jar;C:\Users\adamx\.m2\repository\org\junit\jupiter\junit-jupiter-engine\5.8.1\junit-jupiter-engine-5.8.1.jar;C:\Users\adamx\.m2\repository\org\junit\platform\junit-platform-engine\1.8.1\junit-platform-engine-1.8.1.jar;C:\Users\adamx\.m2\repository\org\mockito\mockito-core\4.5.1\mockito-core-4.5.1.jar;C:\Users\adamx\.m2\repository\net\bytebuddy\byte-buddy\1.12.9\byte-buddy-1.12.9.jar;C:\Users\adamx\.m2\repository\net\bytebuddy\byte-buddy-agent\1.12.9\byte-buddy-agent-1.12.9.jar;C:\Users\adamx\.m2\repository\org\objenesis\objenesis\3.2\objenesis-3.2.jar;C:\Users\adamx\.m2\repository\org\seleniumhq\selenium\selenium-java\4.4.0\selenium-java-4.4.0.jar;C:\Users\adamx\.m2\repository\org\seleniumhq\selenium\selenium-api\4.4.0\selenium-api-4.4.0.jar;C:\Users\adamx\.m2\repository\org\seleniumhq\selenium\selenium-chrome-driver\4.4.0\selenium-chrome-driver-4.4.0.jar;C:\Users\adamx\.m2\repository\com\google\auto\service\auto-service-annotations\1.0.1\auto-service-annotations-1.0.1.jar;C:\Users\adamx\.m2\repository\com\google\auto\service\auto-service\1.0.1\auto-service-1.0.1.jar;C:\Users\adamx\.m2\repository\com\google\auto\auto-common\1.2\auto-common-1.2.jar;C:\Users\adamx\.m2\repository\com\google\guava\guava\31.1-jre\guava-31.1-jre.jar;C:\Users\adamx\.m2\repository\com\google\guava\failureaccess\1.0.1\failureaccess-1.0.1.jar;C:\Users\adamx\.m2\repository\com\google\guava\listenablefuture\9999.0-empty-to-avoid-conflict-with-guava\listenablefuture-9999.0-empty-to-avoid-conflict-with-guava.jar;C:\Users\adamx\.m2\repository\com\google\code\findbugs\jsr305\3.0.2\jsr305-3.0.2.jar;C:\Users\adamx\.m2\repository\org\checkerframework\checker-qual\3.12.0\checker-qual-3.12.0.jar;C:\Users\adamx\.m2\repository\com\google\errorprone\error_prone_annotations\2.11.0\error_prone_annotations-2.11.0.jar;C:\Users\adamx\.m2\repository\com\google\j2objc\j2objc-annotations\1.3\j2objc-annotations-1.3.jar;C:\Users\adamx\.m2\repository\org\seleniumhq\selenium\selenium-chromium-driver\4.4.0\selenium-chromium-driver-4.4.0.jar;C:\Users\adamx\.m2\repository\org\seleniumhq\selenium\selenium-json\4.4.0\selenium-json-4.4.0.jar;C:\Users\adamx\.m2\repository\org\seleniumhq\selenium\selenium-devtools-v102\4.4.0\selenium-devtools-v102-4.4.0.jar;C:\Users\adamx\.m2\repository\org\seleniumhq\selenium\selenium-devtools-v103\4.4.0\selenium-devtools-v103-4.4.0.jar;C:\Users\adamx\.m2\repository\org\seleniumhq\selenium\selenium-devtools-v104\4.4.0\selenium-devtools-v104-4.4.0.jar;C:\Users\adamx\.m2\repository\org\seleniumhq\selenium\selenium-devtools-v85\4.4.0\selenium-devtools-v85-4.4.0.jar;C:\Users\adamx\.m2\repository\org\seleniumhq\selenium\selenium-edge-driver\4.4.0\selenium-edge-driver-4.4.0.jar;C:\Users\adamx\.m2\repository\org\seleniumhq\selenium\selenium-firefox-driver\4.4.0\selenium-firefox-driver-4.4.0.jar;C:\Users\adamx\.m2\repository\org\seleniumhq\selenium\selenium-ie-driver\4.4.0\selenium-ie-driver-4.4.0.jar;C:\Users\adamx\.m2\repository\org\seleniumhq\selenium\selenium-opera-driver\4.4.0\selenium-opera-driver-4.4.0.jar;C:\Users\adamx\.m2\repository\org\seleniumhq\selenium\selenium-remote-driver\4.4.0\selenium-remote-driver-4.4.0.jar;C:\Users\adamx\.m2\repository\com\beust\jcommander\1.82\jcommander-1.82.jar;C:\Users\adamx\.m2\repository\io\netty\netty-buffer\4.1.78.Final\netty-buffer-4.1.78.Final.jar;C:\Users\adamx\.m2\repository\io\netty\netty-codec-http\4.1.78.Final\netty-codec-http-4.1.78.Final.jar;C:\Users\adamx\.m2\repository\io\netty\netty-codec\4.1.78.Final\netty-codec-4.1.78.Final.jar;C:\Users\adamx\.m2\repository\io\netty\netty-handler\4.1.78.Final\netty-handler-4.1.78.Final.jar;C:\Users\adamx\.m2\repository\io\netty\netty-common\4.1.78.Final\netty-common-4.1.78.Final.jar;C:\Users\adamx\.m2\repository\io\netty\netty-transport-classes-epoll\4.1.78.Final\netty-transport-classes-epoll-4.1.78.Final.jar;C:\Users\adamx\.m2\repository\io\netty\netty-transport-classes-kqueue\4.1.78.Final\netty-transport-classes-kqueue-4.1.78.Final.jar;C:\Users\adamx\.m2\repository\io\netty\netty-transport-native-epoll\4.1.78.Final\netty-transport-native-epoll-4.1.78.Final.jar;C:\Users\adamx\.m2\repository\io\netty\netty-transport-native-kqueue\4.1.78.Final\netty-transport-native-kqueue-4.1.78.Final.jar;C:\Users\adamx\.m2\repository\io\netty\netty-transport-native-unix-common\4.1.78.Final\netty-transport-native-unix-common-4.1.78.Final.jar;C:\Users\adamx\.m2\repository\io\netty\netty-transport\4.1.78.Final\netty-transport-4.1.78.Final.jar;C:\Users\adamx\.m2\repository\io\netty\netty-resolver\4.1.78.Final\netty-resolver-4.1.78.Final.jar;C:\Users\adamx\.m2\repository\io\opentelemetry\opentelemetry-api\1.16.0\opentelemetry-api-1.16.0.jar;C:\Users\adamx\.m2\repository\io\opentelemetry\opentelemetry-context\1.16.0\opentelemetry-context-1.16.0.jar;C:\Users\adamx\.m2\repository\io\opentelemetry\opentelemetry-exporter-logging\1.16.0\opentelemetry-exporter-logging-1.16.0.jar;C:\Users\adamx\.m2\repository\io\opentelemetry\opentelemetry-sdk-metrics\1.16.0\opentelemetry-sdk-metrics-1.16.0.jar;C:\Users\adamx\.m2\repository\io\opentelemetry\opentelemetry-sdk-logs\1.16.0-alpha\opentelemetry-sdk-logs-1.16.0-alpha.jar;C:\Users\adamx\.m2\repository\io\opentelemetry\opentelemetry-sdk-common\1.16.0\opentelemetry-sdk-common-1.16.0.jar;C:\Users\adamx\.m2\repository\io\opentelemetry\opentelemetry-sdk-extension-autoconfigure-spi\1.16.0\opentelemetry-sdk-extension-autoconfigure-spi-1.16.0.jar;C:\Users\adamx\.m2\repository\io\opentelemetry\opentelemetry-sdk-extension-autoconfigure\1.16.0-alpha\opentelemetry-sdk-extension-autoconfigure-1.16.0-alpha.jar;C:\Users\adamx\.m2\repository\io\opentelemetry\opentelemetry-sdk-trace\1.16.0\opentelemetry-sdk-trace-1.16.0.jar;C:\Users\adamx\.m2\repository\io\opentelemetry\opentelemetry-sdk\1.16.0\opentelemetry-sdk-1.16.0.jar;C:\Users\adamx\.m2\repository\io\opentelemetry\opentelemetry-semconv\1.16.0-alpha\opentelemetry-semconv-1.16.0-alpha.jar;C:\Users\adamx\.m2\repository\io\ous\jtoml\2.0.0\jtoml-2.0.0.jar;C:\Users\adamx\.m2\repository\org\apache\commons\commons-exec\1.3\commons-exec-1.3.jar;C:\Users\adamx\.m2\repository\org\asynchttpclient\async-http-client\2.12.3\async-http-client-2.12.3.jar;C:\Users\adamx\.m2\repository\org\asynchttpclient\async-http-client-netty-utils\2.12.3\async-http-client-netty-utils-2.12.3.jar;C:\Users\adamx\.m2\repository\io\netty\netty-codec-socks\4.1.60.Final\netty-codec-socks-4.1.60.Final.jar;C:\Users\adamx\.m2\repository\io\netty\netty-handler-proxy\4.1.60.Final\netty-handler-proxy-4.1.60.Final.jar;C:\Users\adamx\.m2\repository\io\netty\netty-transport-native-epoll\4.1.60.Final\netty-transport-native-epoll-4.1.60.Final-linux-x86_64.jar;C:\Users\adamx\.m2\repository\io\netty\netty-transport-native-kqueue\4.1.60.Final\netty-transport-native-kqueue-4.1.60.Final-osx-x86_64.jar;C:\Users\adamx\.m2\repository\org\reactivestreams\reactive-streams\1.0.3\reactive-streams-1.0.3.jar;C:\Users\adamx\.m2\repository\com\typesafe\netty\netty-reactive-streams\2.0.4\netty-reactive-streams-2.0.4.jar;C:\Users\adamx\.m2\repository\com\sun\activation\jakarta.activation\1.2.2\jakarta.activation-1.2.2.jar;C:\Users\adamx\.m2\repository\org\seleniumhq\selenium\selenium-http\4.4.0\selenium-http-4.4.0.jar;C:\Users\adamx\.m2\repository\dev\failsafe\failsafe\3.2.4\failsafe-3.2.4.jar;C:\Users\adamx\.m2\repository\org\seleniumhq\selenium\selenium-safari-driver\4.4.0\selenium-safari-driver-4.4.0.jar;C:\Users\adamx\.m2\repository\org\seleniumhq\selenium\selenium-support\4.4.0\selenium-support-4.4.0.jar;C:\Users\adamx\.m2\repository\io\rest-assured\rest-assured\5.1.1\rest-assured-5.1.1.jar;C:\Users\adamx\.m2\repository\org\apache\groovy\groovy\4.0.1\groovy-4.0.1.jar;C:\Users\adamx\.m2\repository\org\apache\groovy\groovy-xml\4.0.1\groovy-xml-4.0.1.jar;C:\Users\adamx\.m2\repository\org\apache\httpcomponents\httpclient\4.5.13\httpclient-4.5.13.jar;C:\Users\adamx\.m2\repository\org\apache\httpcomponents\httpcore\4.4.13\httpcore-4.4.13.jar;C:\Users\adamx\.m2\repository\commons-logging\commons-logging\1.2\commons-logging-1.2.jar;C:\Users\adamx\.m2\repository\commons-codec\commons-codec\1.11\commons-codec-1.11.jar;C:\Users\adamx\.m2\repository\org\apache\httpcomponents\httpmime\4.5.13\httpmime-4.5.13.jar;C:\Users\adamx\.m2\repository\org\hamcrest\hamcrest\2.1\hamcrest-2.1.jar;C:\Users\adamx\.m2\repository\org\ccil\cowan\tagsoup\tagsoup\1.2.1\tagsoup-1.2.1.jar;C:\Users\adamx\.m2\repository\io\rest-assured\json-path\5.1.1\json-path-5.1.1.jar;C:\Users\adamx\.m2\repository\org\apache\groovy\groovy-json\4.0.1\groovy-json-4.0.1.jar;C:\Users\adamx\.m2\repository\io\rest-assured\rest-assured-common\5.1.1\rest-assured-common-5.1.1.jar;C:\Users\adamx\.m2\repository\io\rest-assured\xml-path\5.1.1\xml-path-5.1.1.jar;C:\Users\adamx\.m2\repository\org\apache\commons\commons-lang3\3.11\commons-lang3-3.11.jar;C:\Users\adamx\.m2\repository\kg\apc\jmeter-plugins-cmn-jmeter\0.6\jmeter-plugins-cmn-jmeter-0.6.jar;C:\Users\adamx\.m2\repository\org\apache\logging\log4j\log4j-api\2.8.2\log4j-api-2.8.2.jar;C:\Users\adamx\.m2\repository\org\apache\logging\log4j\log4j-core\2.8.2\log4j-core-2.8.2.jar;C:\Users\adamx\.m2\repository\org\apache\logging\log4j\log4j-slf4j-impl\2.8.2\log4j-slf4j-impl-2.8.2.jar;C:\Users\adamx\.m2\repository\org\slf4j\slf4j-api\1.7.24\slf4j-api-1.7.24.jar;C:\Users\adamx\.m2\repository\org\apache\jmeter\jorphan\2.13\jorphan-2.13.jar;C:\Users\adamx\.m2\repository\bsf\bsf\2.4.0\bsf-2.4.0.jar;C:\Users\adamx\.m2\repository\avalon-framework\avalon-framework\4.1.4\avalon-framework-4.1.4.jar;C:\Users\adamx\.m2\repository\org\beanshell\bsh\2.0b5\bsh-2.0b5.jar;C:\Users\adamx\.m2\repository\org\bouncycastle\bcmail-jdk15on\1.49\bcmail-jdk15on-1.49.jar;C:\Users\adamx\.m2\repository\org\bouncycastle\bcprov-jdk15on\1.49\bcprov-jdk15on-1.49.jar;C:\Users\adamx\.m2\repository\org\bouncycastle\bcpkix-jdk15on\1.49\bcpkix-jdk15on-1.49.jar;C:\Users\adamx\.m2\repository\commons-collections\commons-collections\3.2.1\commons-collections-3.2.1.jar;C:\Users\adamx\.m2\repository\commons-httpclient\commons-httpclient\3.1\commons-httpclient-3.1.jar;C:\Users\adamx\.m2\repository\commons-io\commons-io\2.4\commons-io-2.4.jar;C:\Users\adamx\.m2\repository\commons-jexl\commons-jexl\1.1\commons-jexl-1.1.jar;C:\Users\adamx\.m2\repository\org\apache\commons\commons-jexl\2.1.1\commons-jexl-2.1.1.jar;C:\Users\adamx\.m2\repository\commons-net\commons-net\3.3\commons-net-3.3.jar;C:\Users\adamx\.m2\repository\dnsjava\dnsjava\2.1.7\dnsjava-2.1.7.jar;C:\Users\adamx\.m2\repository\excalibur-datasource\excalibur-datasource\2.1\excalibur-datasource-2.1.jar;C:\Users\adamx\.m2\repository\hsqldb\hsqldb\1.8.0.1\hsqldb-1.8.0.1.jar;C:\Users\adamx\.m2\repository\avalon-framework\avalon-framework-api\4.3\avalon-framework-api-4.3.jar;C:\Users\adamx\.m2\repository\avalon-framework\avalon-framework-impl\4.3\avalon-framework-impl-4.3.jar;C:\Users\adamx\.m2\repository\xml-apis\xmlParserAPIs\2.0.2\xmlParserAPIs-2.0.2.jar;C:\Users\adamx\.m2\repository\log4j\log4j\1.2.11\log4j-1.2.11.jar;C:\Users\adamx\.m2\repository\jmock\jmock\1.0.1\jmock-1.0.1.jar;C:\Users\adamx\.m2\repository\avalon-logkit\avalon-logkit\2.1\avalon-logkit-2.1.jar;C:\Users\adamx\.m2\repository\javax\servlet\servlet-api\2.3\servlet-api-2.3.jar;C:\Users\adamx\.m2\repository\geronimo-spec\geronimo-spec-javamail\1.3.1-rc3\geronimo-spec-javamail-1.3.1-rc3.jar;C:\Users\adamx\.m2\repository\geronimo-spec\geronimo-spec-jms\1.1-rc4\geronimo-spec-jms-1.1-rc4.jar;C:\Users\adamx\.m2\repository\excalibur-instrument\excalibur-instrument-api\2.1\excalibur-instrument-api-2.1.jar;C:\Users\adamx\.m2\repository\concurrent\concurrent\1.3.4\concurrent-1.3.4.jar;C:\Users\adamx\.m2\repository\excalibur-component\excalibur-testcase\2.1\excalibur-testcase-2.1.jar;C:\Users\adamx\.m2\repository\excalibur-component\excalibur-component\2.1\excalibur-component-2.1.jar;C:\Users\adamx\.m2\repository\excalibur-instrument\excalibur-instrument-mgr-api\2.1\excalibur-instrument-mgr-api-2.1.jar;C:\Users\adamx\.m2\repository\excalibur-instrument\excalibur-instrument-mgr-impl\2.1\excalibur-instrument-mgr-impl-2.1.jar;C:\Users\adamx\.m2\repository\qdox\qdox\1.5\qdox-1.5.jar;C:\Users\adamx\.m2\repository\excalibur-instrument\excalibur-instrument\1.0\excalibur-instrument-1.0.jar;C:\Users\adamx\.m2\repository\excalibur-logger\excalibur-logger\1.1\excalibur-logger-1.1.jar;C:\Users\adamx\.m2\repository\excalibur-pool\excalibur-pool-api\2.1\excalibur-pool-api-2.1.jar;C:\Users\adamx\.m2\repository\excalibur-pool\excalibur-pool-impl\2.1\excalibur-pool-impl-2.1.jar;C:\Users\adamx\.m2\repository\junitperf\junitperf\1.8\junitperf-1.8.jar;C:\Users\adamx\.m2\repository\excalibur-pool\excalibur-pool-instrumented\2.1\excalibur-pool-instrumented-2.1.jar;C:\Users\adamx\.m2\repository\org\htmlparser\htmllexer\2.1\htmllexer-2.1.jar;C:\Users\adamx\.m2\repository\org\htmlparser\htmlparser\2.1\htmlparser-2.1.jar;C:\Users\adamx\.m2\repository\oro\oro\2.0.8\oro-2.0.8.jar;C:\Users\adamx\.m2\repository\jcharts\jcharts\0.7.5\jcharts-0.7.5.jar;C:\Users\adamx\.m2\repository\org\jdom\jdom\1.1.3\jdom-1.1.3.jar;C:\Users\adamx\.m2\repository\org\mozilla\rhino\1.7R5\rhino-1.7R5.jar;C:\Users\adamx\.m2\repository\junit\junit\4.12\junit-4.12.jar;C:\Users\adamx\.m2\repository\org\hamcrest\hamcrest-core\1.3\hamcrest-core-1.3.jar;C:\Users\adamx\.m2\repository\logkit\logkit\2.0\logkit-2.0.jar;C:\Users\adamx\.m2\repository\soap\soap\2.3.1\soap-2.3.1.jar;C:\Users\adamx\.m2\repository\net\sf\jtidy\jtidy\r938\jtidy-r938.jar;C:\Users\adamx\.m2\repository\org\apache\tika\tika-core\1.7\tika-core-1.7.jar;C:\Users\adamx\.m2\repository\org\apache\tika\tika-parsers\1.7\tika-parsers-1.7.jar;C:\Users\adamx\.m2\repository\org\gagravarr\vorbis-java-tika\0.6\vorbis-java-tika-0.6.jar;C:\Users\adamx\.m2\repository\edu\ucar\netcdf\4.2.20\netcdf-4.2.20.jar;C:\Users\adamx\.m2\repository\edu\ucar\unidataCommon\4.2.20\unidataCommon-4.2.20.jar;C:\Users\adamx\.m2\repository\net\jcip\jcip-annotations\1.0\jcip-annotations-1.0.jar;C:\Users\adamx\.m2\repository\net\sourceforge\jmatio\jmatio\1.0\jmatio-1.0.jar;C:\Users\adamx\.m2\repository\org\apache\james\apache-mime4j-core\0.7.2\apache-mime4j-core-0.7.2.jar;C:\Users\adamx\.m2\repository\org\apache\james\apache-mime4j-dom\0.7.2\apache-mime4j-dom-0.7.2.jar;C:\Users\adamx\.m2\repository\org\apache\commons\commons-compress\1.8.1\commons-compress-1.8.1.jar;C:\Users\adamx\.m2\repository\org\tukaani\xz\1.5\xz-1.5.jar;C:\Users\adamx\.m2\repository\org\apache\pdfbox\pdfbox\1.8.8\pdfbox-1.8.8.jar;C:\Users\adamx\.m2\repository\org\apache\pdfbox\fontbox\1.8.8\fontbox-1.8.8.jar;C:\Users\adamx\.m2\repository\org\apache\pdfbox\jempbox\1.8.8\jempbox-1.8.8.jar;C:\Users\adamx\.m2\repository\org\bouncycastle\bcmail-jdk15\1.45\bcmail-jdk15-1.45.jar;C:\Users\adamx\.m2\repository\org\bouncycastle\bcprov-jdk15\1.45\bcprov-jdk15-1.45.jar;C:\Users\adamx\.m2\repository\org\apache\poi\poi\3.11\poi-3.11.jar;C:\Users\adamx\.m2\repository\org\apache\poi\poi-scratchpad\3.11\poi-scratchpad-3.11.jar;C:\Users\adamx\.m2\repository\org\apache\poi\poi-ooxml\3.11\poi-ooxml-3.11.jar;C:\Users\adamx\.m2\repository\org\apache\poi\poi-ooxml-schemas\3.11\poi-ooxml-schemas-3.11.jar;C:\Users\adamx\.m2\repository\org\apache\xmlbeans\xmlbeans\2.6.0\xmlbeans-2.6.0.jar;C:\Users\adamx\.m2\repository\org\ow2\asm\asm-debug-all\4.1\asm-debug-all-4.1.jar;C:\Users\adamx\.m2\repository\com\googlecode\mp4parser\isoparser\1.0.2\isoparser-1.0.2.jar;C:\Users\adamx\.m2\repository\org\aspectj\aspectjrt\1.8.0\aspectjrt-1.8.0.jar;C:\Users\adamx\.m2\repository\com\drewnoakes\metadata-extractor\2.6.2\metadata-extractor-2.6.2.jar;C:\Users\adamx\.m2\repository\com\adobe\xmp\xmpcore\5.1.2\xmpcore-5.1.2.jar;C:\Users\adamx\.m2\repository\de\l3s\boilerpipe\boilerpipe\1.1.0\boilerpipe-1.1.0.jar;C:\Users\adamx\.m2\repository\rome\rome\1.0\rome-1.0.jar;C:\Users\adamx\.m2\repository\jdom\jdom\1.0\jdom-1.0.jar;C:\Users\adamx\.m2\repository\org\gagravarr\vorbis-java-core\0.6\vorbis-java-core-0.6.jar;C:\Users\adamx\.m2\repository\com\googlecode\juniversalchardet\juniversalchardet\1.0.3\juniversalchardet-1.0.3.jar;C:\Users\adamx\.m2\repository\com\uwyn\jhighlight\1.0\jhighlight-1.0.jar;C:\Users\adamx\.m2\repository\com\pff\java-libpst\0.8.1\java-libpst-0.8.1.jar;C:\Users\adamx\.m2\repository\com\thoughtworks\xstream\xstream\1.4.8\xstream-1.4.8.jar;C:\Users\adamx\.m2\repository\xmlpull\xmlpull\1.1.3.1\xmlpull-1.1.3.1.jar;C:\Users\adamx\.m2\repository\xpp3\xpp3_min\1.1.4c\xpp3_min-1.1.4c.jar;C:\Users\adamx\.m2\repository\xalan\xalan\2.7.2\xalan-2.7.2.jar;C:\Users\adamx\.m2\repository\xalan\serializer\2.7.2\serializer-2.7.2.jar;C:\Users\adamx\.m2\repository\xerces\xercesImpl\2.11.0\xercesImpl-2.11.0.jar;C:\Users\adamx\.m2\repository\xml-apis\xml-apis\1.4.01\xml-apis-1.4.01.jar;C:\Users\adamx\.m2\repository\org\apache\xmlgraphics\xmlgraphics-commons\1.5\xmlgraphics-commons-1.5.jar;C:\Users\adamx\.m2\repository\javax\mail\mail\1.5.0-b01\mail-1.5.0-b01.jar;C:\Users\adamx\.m2\repository\javax\activation\activation\1.1\activation-1.1.jar;C:\Users\adamx\.m2\repository\org\apache\geronimo\specs\geronimo-jms_1.1_spec\1.1.1\geronimo-jms_1.1_spec-1.1.1.jar;C:\Users\adamx\.m2\repository\org\jsoup\jsoup\1.8.1\jsoup-1.8.1.jar;C:\Users\adamx\.m2\repository\org\jodd\jodd-core\3.6.4\jodd-core-3.6.4.jar;C:\Users\adamx\.m2\repository\org\jodd\jodd-lagarto\3.6.4\jodd-lagarto-3.6.4.jar;C:\Users\adamx\.m2\repository\org\jodd\jodd-log\3.6.4\jodd-log-3.6.4.jar;C:\Users\adamx\.m2\repository\org\mongodb\mongo-java-driver\2.11.3\mongo-java-driver-2.11.3.jar;C:\Users\adamx\.m2\repository\com\fifesoft\rsyntaxtextarea\2.5.6\rsyntaxtextarea-2.5.6.jar;C:\Users\adamx\.m2\repository\org\slf4j\slf4j-nop\1.7.10\slf4j-nop-1.7.10.jar;C:\Users\adamx\.m2\repository\org\apache\jmeter\ApacheJMeter_core\2.13\ApacheJMeter_core-2.13.jar;C:\Users\adamx\.m2\repository\kg\apc\jmeter-plugins-charts\0.1\jmeter-plugins-charts-0.1.jar;"/>
    <property name="java.vm.vendor" value="Oracle Corporation"/>
    <property name="sun.arch.data.model" value="64"/>
    <property name="user.variant" value=""/>
    <property name="java.vendor.url" value="https://java.oracle.com/"/>
    <property name="user.timezone" value="America/Sao_Paulo"/>
    <property name="os.name" value="Windows 11"/>
    <property name="java.vm.specification.version" value="21"/>
    <property name="sun.java.launcher" value="SUN_STANDARD"/>
    <property name="user.country" value="BR"/>
    <property name="sun.boot.library.path" value="C:\Program Files\Java\jdk-21\bin"/>
    <property name="sun.java.command" value="C:\Users\adamx\AppData\Local\Temp\surefire11023607403129889040\surefirebooter8000638834063548582.jar C:\Users\adamx\AppData\Local\Temp\surefire11023607403129889040 2025-02-11T20-44-59_309-jvmRun1 surefire15278965581375024931tmp surefire_08745691101444151758tmp"/>
    <property name="jdk.debug" value="release"/>
    <property name="surefire.test.class.path" value="C:\Users\adamx\eclipse-workspace\qa-moon-project\target\test-classes;C:\Users\adamx\eclipse-workspace\qa-moon-project\target\classes;C:\Users\adamx\.m2\repository\org\junit\jupiter\junit-jupiter-api\5.8.1\junit-jupiter-api-5.8.1.jar;C:\Users\adamx\.m2\repository\org\opentest4j\opentest4j\1.2.0\opentest4j-1.2.0.jar;C:\Users\adamx\.m2\repository\org\junit\platform\junit-platform-commons\1.8.1\junit-platform-commons-1.8.1.jar;C:\Users\adamx\.m2\repository\org\apiguardian\apiguardian-api\1.1.2\apiguardian-api-1.1.2.jar;C:\Users\adamx\.m2\repository\org\junit\jupiter\junit-jupiter-engine\5.8.1\junit-jupiter-engine-5.8.1.jar;C:\Users\adamx\.m2\repository\org\junit\platform\junit-platform-engine\1.8.1\junit-platform-engine-1.8.1.jar;C:\Users\adamx\.m2\repository\org\mockito\mockito-core\4.5.1\mockito-core-4.5.1.jar;C:\Users\adamx\.m2\repository\net\bytebuddy\byte-buddy\1.12.9\byte-buddy-1.12.9.jar;C:\Users\adamx\.m2\repository\net\bytebuddy\byte-buddy-agent\1.12.9\byte-buddy-agent-1.12.9.jar;C:\Users\adamx\.m2\repository\org\objenesis\objenesis\3.2\objenesis-3.2.jar;C:\Users\adamx\.m2\repository\org\seleniumhq\selenium\selenium-java\4.4.0\selenium-java-4.4.0.jar;C:\Users\adamx\.m2\repository\org\seleniumhq\selenium\selenium-api\4.4.0\selenium-api-4.4.0.jar;C:\Users\adamx\.m2\repository\org\seleniumhq\selenium\selenium-chrome-driver\4.4.0\selenium-chrome-driver-4.4.0.jar;C:\Users\adamx\.m2\repository\com\google\auto\service\auto-service-annotations\1.0.1\auto-service-annotations-1.0.1.jar;C:\Users\adamx\.m2\repository\com\google\auto\service\auto-service\1.0.1\auto-service-1.0.1.jar;C:\Users\adamx\.m2\repository\com\google\auto\auto-common\1.2\auto-common-1.2.jar;C:\Users\adamx\.m2\repository\com\google\guava\guava\31.1-jre\guava-31.1-jre.jar;C:\Users\adamx\.m2\repository\com\google\guava\failureaccess\1.0.1\failureaccess-1.0.1.jar;C:\Users\adamx\.m2\repository\com\google\guava\listenablefuture\9999.0-empty-to-avoid-conflict-with-guava\listenablefuture-9999.0-empty-to-avoid-conflict-with-guava.jar;C:\Users\adamx\.m2\repository\com\google\code\findbugs\jsr305\3.0.2\jsr305-3.0.2.jar;C:\Users\adamx\.m2\repository\org\checkerframework\checker-qual\3.12.0\checker-qual-3.12.0.jar;C:\Users\adamx\.m2\repository\com\google\errorprone\error_prone_annotations\2.11.0\error_prone_annotations-2.11.0.jar;C:\Users\adamx\.m2\repository\com\google\j2objc\j2objc-annotations\1.3\j2objc-annotations-1.3.jar;C:\Users\adamx\.m2\repository\org\seleniumhq\selenium\selenium-chromium-driver\4.4.0\selenium-chromium-driver-4.4.0.jar;C:\Users\adamx\.m2\repository\org\seleniumhq\selenium\selenium-json\4.4.0\selenium-json-4.4.0.jar;C:\Users\adamx\.m2\repository\org\seleniumhq\selenium\selenium-devtools-v102\4.4.0\selenium-devtools-v102-4.4.0.jar;C:\Users\adamx\.m2\repository\org\seleniumhq\selenium\selenium-devtools-v103\4.4.0\selenium-devtools-v103-4.4.0.jar;C:\Users\adamx\.m2\repository\org\seleniumhq\selenium\selenium-devtools-v104\4.4.0\selenium-devtools-v104-4.4.0.jar;C:\Users\adamx\.m2\repository\org\seleniumhq\selenium\selenium-devtools-v85\4.4.0\selenium-devtools-v85-4.4.0.jar;C:\Users\adamx\.m2\repository\org\seleniumhq\selenium\selenium-edge-driver\4.4.0\selenium-edge-driver-4.4.0.jar;C:\Users\adamx\.m2\repository\org\seleniumhq\selenium\selenium-firefox-driver\4.4.0\selenium-firefox-driver-4.4.0.jar;C:\Users\adamx\.m2\repository\org\seleniumhq\selenium\selenium-ie-driver\4.4.0\selenium-ie-driver-4.4.0.jar;C:\Users\adamx\.m2\repository\org\seleniumhq\selenium\selenium-opera-driver\4.4.0\selenium-opera-driver-4.4.0.jar;C:\Users\adamx\.m2\repository\org\seleniumhq\selenium\selenium-remote-driver\4.4.0\selenium-remote-driver-4.4.0.jar;C:\Users\adamx\.m2\repository\com\beust\jcommander\1.82\jcommander-1.82.jar;C:\Users\adamx\.m2\repository\io\netty\netty-buffer\4.1.78.Final\netty-buffer-4.1.78.Final.jar;C:\Users\adamx\.m2\repository\io\netty\netty-codec-http\4.1.78.Final\netty-codec-http-4.1.78.Final.jar;C:\Users\adamx\.m2\repository\io\netty\netty-codec\4.1.78.Final\netty-codec-4.1.78.Final.jar;C:\Users\adamx\.m2\repository\io\netty\netty-handler\4.1.78.Final\netty-handler-4.1.78.Final.jar;C:\Users\adamx\.m2\repository\io\netty\netty-common\4.1.78.Final\netty-common-4.1.78.Final.jar;C:\Users\adamx\.m2\repository\io\netty\netty-transport-classes-epoll\4.1.78.Final\netty-transport-classes-epoll-4.1.78.Final.jar;C:\Users\adamx\.m2\repository\io\netty\netty-transport-classes-kqueue\4.1.78.Final\netty-transport-classes-kqueue-4.1.78.Final.jar;C:\Users\adamx\.m2\repository\io\netty\netty-transport-native-epoll\4.1.78.Final\netty-transport-native-epoll-4.1.78.Final.jar;C:\Users\adamx\.m2\repository\io\netty\netty-transport-native-kqueue\4.1.78.Final\netty-transport-native-kqueue-4.1.78.Final.jar;C:\Users\adamx\.m2\repository\io\netty\netty-transport-native-unix-common\4.1.78.Final\netty-transport-native-unix-common-4.1.78.Final.jar;C:\Users\adamx\.m2\repository\io\netty\netty-transport\4.1.78.Final\netty-transport-4.1.78.Final.jar;C:\Users\adamx\.m2\repository\io\netty\netty-resolver\4.1.78.Final\netty-resolver-4.1.78.Final.jar;C:\Users\adamx\.m2\repository\io\opentelemetry\opentelemetry-api\1.16.0\opentelemetry-api-1.16.0.jar;C:\Users\adamx\.m2\repository\io\opentelemetry\opentelemetry-context\1.16.0\opentelemetry-context-1.16.0.jar;C:\Users\adamx\.m2\repository\io\opentelemetry\opentelemetry-exporter-logging\1.16.0\opentelemetry-exporter-logging-1.16.0.jar;C:\Users\adamx\.m2\repository\io\opentelemetry\opentelemetry-sdk-metrics\1.16.0\opentelemetry-sdk-metrics-1.16.0.jar;C:\Users\adamx\.m2\repository\io\opentelemetry\opentelemetry-sdk-logs\1.16.0-alpha\opentelemetry-sdk-logs-1.16.0-alpha.jar;C:\Users\adamx\.m2\repository\io\opentelemetry\opentelemetry-sdk-common\1.16.0\opentelemetry-sdk-common-1.16.0.jar;C:\Users\adamx\.m2\repository\io\opentelemetry\opentelemetry-sdk-extension-autoconfigure-spi\1.16.0\opentelemetry-sdk-extension-autoconfigure-spi-1.16.0.jar;C:\Users\adamx\.m2\repository\io\opentelemetry\opentelemetry-sdk-extension-autoconfigure\1.16.0-alpha\opentelemetry-sdk-extension-autoconfigure-1.16.0-alpha.jar;C:\Users\adamx\.m2\repository\io\opentelemetry\opentelemetry-sdk-trace\1.16.0\opentelemetry-sdk-trace-1.16.0.jar;C:\Users\adamx\.m2\repository\io\opentelemetry\opentelemetry-sdk\1.16.0\opentelemetry-sdk-1.16.0.jar;C:\Users\adamx\.m2\repository\io\opentelemetry\opentelemetry-semconv\1.16.0-alpha\opentelemetry-semconv-1.16.0-alpha.jar;C:\Users\adamx\.m2\repository\io\ous\jtoml\2.0.0\jtoml-2.0.0.jar;C:\Users\adamx\.m2\repository\org\apache\commons\commons-exec\1.3\commons-exec-1.3.jar;C:\Users\adamx\.m2\repository\org\asynchttpclient\async-http-client\2.12.3\async-http-client-2.12.3.jar;C:\Users\adamx\.m2\repository\org\asynchttpclient\async-http-client-netty-utils\2.12.3\async-http-client-netty-utils-2.12.3.jar;C:\Users\adamx\.m2\repository\io\netty\netty-codec-socks\4.1.60.Final\netty-codec-socks-4.1.60.Final.jar;C:\Users\adamx\.m2\repository\io\netty\netty-handler-proxy\4.1.60.Final\netty-handler-proxy-4.1.60.Final.jar;C:\Users\adamx\.m2\repository\io\netty\netty-transport-native-epoll\4.1.60.Final\netty-transport-native-epoll-4.1.60.Final-linux-x86_64.jar;C:\Users\adamx\.m2\repository\io\netty\netty-transport-native-kqueue\4.1.60.Final\netty-transport-native-kqueue-4.1.60.Final-osx-x86_64.jar;C:\Users\adamx\.m2\repository\org\reactivestreams\reactive-streams\1.0.3\reactive-streams-1.0.3.jar;C:\Users\adamx\.m2\repository\com\typesafe\netty\netty-reactive-streams\2.0.4\netty-reactive-streams-2.0.4.jar;C:\Users\adamx\.m2\repository\com\sun\activation\jakarta.activation\1.2.2\jakarta.activation-1.2.2.jar;C:\Users\adamx\.m2\repository\org\seleniumhq\selenium\selenium-http\4.4.0\selenium-http-4.4.0.jar;C:\Users\adamx\.m2\repository\dev\failsafe\failsafe\3.2.4\failsafe-3.2.4.jar;C:\Users\adamx\.m2\repository\org\seleniumhq\selenium\selenium-safari-driver\4.4.0\selenium-safari-driver-4.4.0.jar;C:\Users\adamx\.m2\repository\org\seleniumhq\selenium\selenium-support\4.4.0\selenium-support-4.4.0.jar;C:\Users\adamx\.m2\repository\io\rest-assured\rest-assured\5.1.1\rest-assured-5.1.1.jar;C:\Users\adamx\.m2\repository\org\apache\groovy\groovy\4.0.1\groovy-4.0.1.jar;C:\Users\adamx\.m2\repository\org\apache\groovy\groovy-xml\4.0.1\groovy-xml-4.0.1.jar;C:\Users\adamx\.m2\repository\org\apache\httpcomponents\httpclient\4.5.13\httpclient-4.5.13.jar;C:\Users\adamx\.m2\repository\org\apache\httpcomponents\httpcore\4.4.13\httpcore-4.4.13.jar;C:\Users\adamx\.m2\repository\commons-logging\commons-logging\1.2\commons-logging-1.2.jar;C:\Users\adamx\.m2\repository\commons-codec\commons-codec\1.11\commons-codec-1.11.jar;C:\Users\adamx\.m2\repository\org\apache\httpcomponents\httpmime\4.5.13\httpmime-4.5.13.jar;C:\Users\adamx\.m2\repository\org\hamcrest\hamcrest\2.1\hamcrest-2.1.jar;C:\Users\adamx\.m2\repository\org\ccil\cowan\tagsoup\tagsoup\1.2.1\tagsoup-1.2.1.jar;C:\Users\adamx\.m2\repository\io\rest-assured\json-path\5.1.1\json-path-5.1.1.jar;C:\Users\adamx\.m2\repository\org\apache\groovy\groovy-json\4.0.1\groovy-json-4.0.1.jar;C:\Users\adamx\.m2\repository\io\rest-assured\rest-assured-common\5.1.1\rest-assured-common-5.1.1.jar;C:\Users\adamx\.m2\repository\io\rest-assured\xml-path\5.1.1\xml-path-5.1.1.jar;C:\Users\adamx\.m2\repository\org\apache\commons\commons-lang3\3.11\commons-lang3-3.11.jar;C:\Users\adamx\.m2\repository\kg\apc\jmeter-plugins-cmn-jmeter\0.6\jmeter-plugins-cmn-jmeter-0.6.jar;C:\Users\adamx\.m2\repository\org\apache\logging\log4j\log4j-api\2.8.2\log4j-api-2.8.2.jar;C:\Users\adamx\.m2\repository\org\apache\logging\log4j\log4j-core\2.8.2\log4j-core-2.8.2.jar;C:\Users\adamx\.m2\repository\org\apache\logging\log4j\log4j-slf4j-impl\2.8.2\log4j-slf4j-impl-2.8.2.jar;C:\Users\adamx\.m2\repository\org\slf4j\slf4j-api\1.7.24\slf4j-api-1.7.24.jar;C:\Users\adamx\.m2\repository\org\apache\jmeter\jorphan\2.13\jorphan-2.13.jar;C:\Users\adamx\.m2\repository\bsf\bsf\2.4.0\bsf-2.4.0.jar;C:\Users\adamx\.m2\repository\avalon-framework\avalon-framework\4.1.4\avalon-framework-4.1.4.jar;C:\Users\adamx\.m2\repository\org\beanshell\bsh\2.0b5\bsh-2.0b5.jar;C:\Users\adamx\.m2\repository\org\bouncycastle\bcmail-jdk15on\1.49\bcmail-jdk15on-1.49.jar;C:\Users\adamx\.m2\repository\org\bouncycastle\bcprov-jdk15on\1.49\bcprov-jdk15on-1.49.jar;C:\Users\adamx\.m2\repository\org\bouncycastle\bcpkix-jdk15on\1.49\bcpkix-jdk15on-1.49.jar;C:\Users\adamx\.m2\repository\commons-collections\commons-collections\3.2.1\commons-collections-3.2.1.jar;C:\Users\adamx\.m2\repository\commons-httpclient\commons-httpclient\3.1\commons-httpclient-3.1.jar;C:\Users\adamx\.m2\repository\commons-io\commons-io\2.4\commons-io-2.4.jar;C:\Users\adamx\.m2\repository\commons-jexl\commons-jexl\1.1\commons-jexl-1.1.jar;C:\Users\adamx\.m2\repository\org\apache\commons\commons-jexl\2.1.1\commons-jexl-2.1.1.jar;C:\Users\adamx\.m2\repository\commons-net\commons-net\3.3\commons-net-3.3.jar;C:\Users\adamx\.m2\repository\dnsjava\dnsjava\2.1.7\dnsjava-2.1.7.jar;C:\Users\adamx\.m2\repository\excalibur-datasource\excalibur-datasource\2.1\excalibur-datasource-2.1.jar;C:\Users\adamx\.m2\repository\hsqldb\hsqldb\1.8.0.1\hsqldb-1.8.0.1.jar;C:\Users\adamx\.m2\repository\avalon-framework\avalon-framework-api\4.3\avalon-framework-api-4.3.jar;C:\Users\adamx\.m2\repository\avalon-framework\avalon-framework-impl\4.3\avalon-framework-impl-4.3.jar;C:\Users\adamx\.m2\repository\xml-apis\xmlParserAPIs\2.0.2\xmlParserAPIs-2.0.2.jar;C:\Users\adamx\.m2\repository\log4j\log4j\1.2.11\log4j-1.2.11.jar;C:\Users\adamx\.m2\repository\jmock\jmock\1.0.1\jmock-1.0.1.jar;C:\Users\adamx\.m2\repository\avalon-logkit\avalon-logkit\2.1\avalon-logkit-2.1.jar;C:\Users\adamx\.m2\repository\javax\servlet\servlet-api\2.3\servlet-api-2.3.jar;C:\Users\adamx\.m2\repository\geronimo-spec\geronimo-spec-javamail\1.3.1-rc3\geronimo-spec-javamail-1.3.1-rc3.jar;C:\Users\adamx\.m2\repository\geronimo-spec\geronimo-spec-jms\1.1-rc4\geronimo-spec-jms-1.1-rc4.jar;C:\Users\adamx\.m2\repository\excalibur-instrument\excalibur-instrument-api\2.1\excalibur-instrument-api-2.1.jar;C:\Users\adamx\.m2\repository\concurrent\concurrent\1.3.4\concurrent-1.3.4.jar;C:\Users\adamx\.m2\repository\excalibur-component\excalibur-testcase\2.1\excalibur-testcase-2.1.jar;C:\Users\adamx\.m2\repository\excalibur-component\excalibur-component\2.1\excalibur-component-2.1.jar;C:\Users\adamx\.m2\repository\excalibur-instrument\excalibur-instrument-mgr-api\2.1\excalibur-instrument-mgr-api-2.1.jar;C:\Users\adamx\.m2\repository\excalibur-instrument\excalibur-instrument-mgr-impl\2.1\excalibur-instrument-mgr-impl-2.1.jar;C:\Users\adamx\.m2\repository\qdox\qdox\1.5\qdox-1.5.jar;C:\Users\adamx\.m2\repository\excalibur-instrument\excalibur-instrument\1.0\excalibur-instrument-1.0.jar;C:\Users\adamx\.m2\repository\excalibur-logger\excalibur-logger\1.1\excalibur-logger-1.1.jar;C:\Users\adamx\.m2\repository\excalibur-pool\excalibur-pool-api\2.1\excalibur-pool-api-2.1.jar;C:\Users\adamx\.m2\repository\excalibur-pool\excalibur-pool-impl\2.1\excalibur-pool-impl-2.1.jar;C:\Users\adamx\.m2\repository\junitperf\junitperf\1.8\junitperf-1.8.jar;C:\Users\adamx\.m2\repository\excalibur-pool\excalibur-pool-instrumented\2.1\excalibur-pool-instrumented-2.1.jar;C:\Users\adamx\.m2\repository\org\htmlparser\htmllexer\2.1\htmllexer-2.1.jar;C:\Users\adamx\.m2\repository\org\htmlparser\htmlparser\2.1\htmlparser-2.1.jar;C:\Users\adamx\.m2\repository\oro\oro\2.0.8\oro-2.0.8.jar;C:\Users\adamx\.m2\repository\jcharts\jcharts\0.7.5\jcharts-0.7.5.jar;C:\Users\adamx\.m2\repository\org\jdom\jdom\1.1.3\jdom-1.1.3.jar;C:\Users\adamx\.m2\repository\org\mozilla\rhino\1.7R5\rhino-1.7R5.jar;C:\Users\adamx\.m2\repository\junit\junit\4.12\junit-4.12.jar;C:\Users\adamx\.m2\repository\org\hamcrest\hamcrest-core\1.3\hamcrest-core-1.3.jar;C:\Users\adamx\.m2\repository\logkit\logkit\2.0\logkit-2.0.jar;C:\Users\adamx\.m2\repository\soap\soap\2.3.1\soap-2.3.1.jar;C:\Users\adamx\.m2\repository\net\sf\jtidy\jtidy\r938\jtidy-r938.jar;C:\Users\adamx\.m2\repository\org\apache\tika\tika-core\1.7\tika-core-1.7.jar;C:\Users\adamx\.m2\repository\org\apache\tika\tika-parsers\1.7\tika-parsers-1.7.jar;C:\Users\adamx\.m2\repository\org\gagravarr\vorbis-java-tika\0.6\vorbis-java-tika-0.6.jar;C:\Users\adamx\.m2\repository\edu\ucar\netcdf\4.2.20\netcdf-4.2.20.jar;C:\Users\adamx\.m2\repository\edu\ucar\unidataCommon\4.2.20\unidataCommon-4.2.20.jar;C:\Users\adamx\.m2\repository\net\jcip\jcip-annotations\1.0\jcip-annotations-1.0.jar;C:\Users\adamx\.m2\repository\net\sourceforge\jmatio\jmatio\1.0\jmatio-1.0.jar;C:\Users\adamx\.m2\repository\org\apache\james\apache-mime4j-core\0.7.2\apache-mime4j-core-0.7.2.jar;C:\Users\adamx\.m2\repository\org\apache\james\apache-mime4j-dom\0.7.2\apache-mime4j-dom-0.7.2.jar;C:\Users\adamx\.m2\repository\org\apache\commons\commons-compress\1.8.1\commons-compress-1.8.1.jar;C:\Users\adamx\.m2\repository\org\tukaani\xz\1.5\xz-1.5.jar;C:\Users\adamx\.m2\repository\org\apache\pdfbox\pdfbox\1.8.8\pdfbox-1.8.8.jar;C:\Users\adamx\.m2\repository\org\apache\pdfbox\fontbox\1.8.8\fontbox-1.8.8.jar;C:\Users\adamx\.m2\repository\org\apache\pdfbox\jempbox\1.8.8\jempbox-1.8.8.jar;C:\Users\adamx\.m2\repository\org\bouncycastle\bcmail-jdk15\1.45\bcmail-jdk15-1.45.jar;C:\Users\adamx\.m2\repository\org\bouncycastle\bcprov-jdk15\1.45\bcprov-jdk15-1.45.jar;C:\Users\adamx\.m2\repository\org\apache\poi\poi\3.11\poi-3.11.jar;C:\Users\adamx\.m2\repository\org\apache\poi\poi-scratchpad\3.11\poi-scratchpad-3.11.jar;C:\Users\adamx\.m2\repository\org\apache\poi\poi-ooxml\3.11\poi-ooxml-3.11.jar;C:\Users\adamx\.m2\repository\org\apache\poi\poi-ooxml-schemas\3.11\poi-ooxml-schemas-3.11.jar;C:\Users\adamx\.m2\repository\org\apache\xmlbeans\xmlbeans\2.6.0\xmlbeans-2.6.0.jar;C:\Users\adamx\.m2\repository\org\ow2\asm\asm-debug-all\4.1\asm-debug-all-4.1.jar;C:\Users\adamx\.m2\repository\com\googlecode\mp4parser\isoparser\1.0.2\isoparser-1.0.2.jar;C:\Users\adamx\.m2\repository\org\aspectj\aspectjrt\1.8.0\aspectjrt-1.8.0.jar;C:\Users\adamx\.m2\repository\com\drewnoakes\metadata-extractor\2.6.2\metadata-extractor-2.6.2.jar;C:\Users\adamx\.m2\repository\com\adobe\xmp\xmpcore\5.1.2\xmpcore-5.1.2.jar;C:\Users\adamx\.m2\repository\de\l3s\boilerpipe\boilerpipe\1.1.0\boilerpipe-1.1.0.jar;C:\Users\adamx\.m2\repository\rome\rome\1.0\rome-1.0.jar;C:\Users\adamx\.m2\repository\jdom\jdom\1.0\jdom-1.0.jar;C:\Users\adamx\.m2\repository\org\gagravarr\vorbis-java-core\0.6\vorbis-java-core-0.6.jar;C:\Users\adamx\.m2\repository\com\googlecode\juniversalchardet\juniversalchardet\1.0.3\juniversalchardet-1.0.3.jar;C:\Users\adamx\.m2\repository\com\uwyn\jhighlight\1.0\jhighlight-1.0.jar;C:\Users\adamx\.m2\repository\com\pff\java-libpst\0.8.1\java-libpst-0.8.1.jar;C:\Users\adamx\.m2\repository\com\thoughtworks\xstream\xstream\1.4.8\xstream-1.4.8.jar;C:\Users\adamx\.m2\repository\xmlpull\xmlpull\1.1.3.1\xmlpull-1.1.3.1.jar;C:\Users\adamx\.m2\repository\xpp3\xpp3_min\1.1.4c\xpp3_min-1.1.4c.jar;C:\Users\adamx\.m2\repository\xalan\xalan\2.7.2\xalan-2.7.2.jar;C:\Users\adamx\.m2\repository\xalan\serializer\2.7.2\serializer-2.7.2.jar;C:\Users\adamx\.m2\repository\xerces\xercesImpl\2.11.0\xercesImpl-2.11.0.jar;C:\Users\adamx\.m2\repository\xml-apis\xml-apis\1.4.01\xml-apis-1.4.01.jar;C:\Users\adamx\.m2\repository\org\apache\xmlgraphics\xmlgraphics-commons\1.5\xmlgraphics-commons-1.5.jar;C:\Users\adamx\.m2\repository\javax\mail\mail\1.5.0-b01\mail-1.5.0-b01.jar;C:\Users\adamx\.m2\repository\javax\activation\activation\1.1\activation-1.1.jar;C:\Users\adamx\.m2\repository\org\apache\geronimo\specs\geronimo-jms_1.1_spec\1.1.1\geronimo-jms_1.1_spec-1.1.1.jar;C:\Users\adamx\.m2\repository\org\jsoup\jsoup\1.8.1\jsoup-1.8.1.jar;C:\Users\adamx\.m2\repository\org\jodd\jodd-core\3.6.4\jodd-core-3.6.4.jar;C:\Users\adamx\.m2\repository\org\jodd\jodd-lagarto\3.6.4\jodd-lagarto-3.6.4.jar;C:\Users\adamx\.m2\repository\org\jodd\jodd-log\3.6.4\jodd-log-3.6.4.jar;C:\Users\adamx\.m2\repository\org\mongodb\mongo-java-driver\2.11.3\mongo-java-driver-2.11.3.jar;C:\Users\adamx\.m2\repository\com\fifesoft\rsyntaxtextarea\2.5.6\rsyntaxtextarea-2.5.6.jar;C:\Users\adamx\.m2\repository\org\slf4j\slf4j-nop\1.7.10\slf4j-nop-1.7.10.jar;C:\Users\adamx\.m2\repository\org\apache\jmeter\ApacheJMeter_core\2.13\ApacheJMeter_core-2.13.jar;C:\Users\adamx\.m2\repository\kg\apc\jmeter-plugins-charts\0.1\jmeter-plugins-charts-0.1.jar;"/>
    <property name="sun.cpu.endian" value="little"/>
    <property name="user.home" value="C:\Users\adamx"/>
    <property name="user.language" value="pt"/>
    <property name="java.specification.vendor" value="Oracle Corporation"/>
    <property name="java.version.date" value="2025-01-21"/>
    <property name="java.home" value="C:\Program Files\Java\jdk-21"/>
    <property name="file.separator" value="\"/>
    <property name="basedir" value="C:\Users\adamx\eclipse-workspace\qa-moon-project"/>
    <property name="java.vm.compressedOopsMode" value="32-bit"/>
    <property name="line.separator" value="&#10;"/>
    <property name="java.vm.specification.vendor" value="Oracle Corporation"/>
    <property name="java.specification.name" value="Java Platform API Specification"/>
    <property name="surefire.real.class.path" value="C:\Users\adamx\AppData\Local\Temp\surefire11023607403129889040\surefirebooter8000638834063548582.jar"/>
    <property name="user.script" value=""/>
    <property name="sun.management.compiler" value="HotSpot 64-Bit Tiered Compilers"/>
    <property name="java.runtime.version" value="21.0.6+8-LTS-188"/>
    <property name="user.name" value="adamx"/>
    <property name="stdout.encoding" value="Cp1252"/>
    <property name="path.separator" value=";"/>
    <property name="os.version" value="10.0"/>
    <property name="java.runtime.name" value="Java(TM) SE Runtime Environment"/>
    <property name="file.encoding" value="UTF-8"/>
    <property name="java.vm.name" value="Java HotSpot(TM) 64-Bit Server VM"/>
    <property name="localRepository" value="C:\Users\adamx\.m2\repository"/>
    <property name="java.vendor.url.bug" value="https://bugreport.java.com/bugreport/"/>
    <property name="java.io.tmpdir" value="C:\Users\adamx\AppData\Local\Temp\"/>
    <property name="java.version" value="21.0.6"/>
    <property name="user.dir" value="C:\Users\adamx\eclipse-workspace\qa-moon-project"/>
    <property name="os.arch" value="amd64"/>
    <property name="java.vm.specification.name" value="Java Virtual Machine Specification"/>
    <property name="sun.os.patch.level" value=""/>
    <property name="native.encoding" value="Cp1252"/>
    <property name="java.library.path" value="C:\Program Files\Java\jdk-21\bin;C:\WINDOWS\Sun\Java\bin;C:\WINDOWS\system32;C:\WINDOWS;C:\Program Files\Common Files\Oracle\Java\javapath;C:\WINDOWS\system32;C:\WINDOWS;C:\WINDOWS\System32\Wbem;C:\WINDOWS\System32\WindowsPowerShell\v1.0\;C:\WINDOWS\System32\OpenSSH\;C:\Program Files (x86)\Microsoft SQL Server\160\DTS\Binn\;C:\Program Files\Java\jdk-20\bin;C:\android\cmdline-tools\bin;C:\Program Files\Git\cmd;C:\Program Files\nodejs\;C:\Program Files\Azure Data Studio\bin;C:\Users\adamx\OneDrive\Área de Trabalho\Projeto QA entrevista\apache-maven-3.9.9-bin\apache-maven-3.9.9\bin;C:\Users\adamx\AppData\Local\Microsoft\WindowsApps;;C:\Program Files\Azure Data Studio\bin;C:\Program Files\JetBrains\IntelliJ IDEA Educational Edition 2022.2.2\bin;;C:\Users\adamx\AppData\Roaming\npm;C:\Program Files\Azure Data Studio\bin;C:\Program Files\JetBrains\PyCharm 2024.2.4\bin;;C:\Program Files\JetBrains\PyCharm Community Edition 2024.2.4\bin;;C:\Users\adamx\AppData\Local\Programs\Microsoft VS Code\bin;."/>
    <property name="java.vm.info" value="mixed mode, sharing"/>
    <property name="stderr.encoding" value="Cp1252"/>
    <property name="java.vendor" value="Oracle Corporation"/>
    <property name="java.vm.version" value="21.0.6+8-LTS-188"/>
    <property name="sun.io.unicode.encoding" value="UnicodeLittle"/>
    <property name="java.class.version" value="65.0"/>
  </properties>
  <testcase name="testSubtrair" classname="br.com.qa.CalculadoraTest" time="0.037"/>
  <testcase name="testSomar" classname="br.com.qa.CalculadoraTest" time="0.001"/>
  <testcase name="testMultiplicar" classname="br.com.qa.CalculadoraTest" time="0.001"/>
  <testcase name="testDividirPorZero" classname="br.com.qa.CalculadoraTest" time="0.006"/>
  <testcase name="testDividir" classname="br.com.qa.CalculadoraTest" time="0.001"/>
</testsuite>